<?xml version="1.0" encoding="UTF-8"?>
<testng-results skipped="0" failed="0" ignored="0" total="1" passed="1">
  <reporter-output>
  </reporter-output>
  <suite name="Test Maven Suite" duration-ms="72" started-at="2021-04-18T18:09:32 IST" finished-at="2021-04-18T18:09:32 IST">
    <groups>
    </groups>
    <test name="Test Maven Testing" duration-ms="72" started-at="2021-04-18T18:09:32 IST" finished-at="2021-04-18T18:09:32 IST">
      <class name="com.qa.tests.DemoTest1">
        <test-method status="PASS" signature="sum()[pri:0, instance:com.qa.tests.DemoTest1@27efef64]" name="sum" duration-ms="10" started-at="2021-04-18T18:09:32 IST" finished-at="2021-04-18T18:09:32 IST">
          <reporter-output>
          </reporter-output>
        </test-method> <!-- sum -->
      </class> <!-- com.qa.tests.DemoTest1 -->
    </test> <!-- Test Maven Testing -->
  </suite> <!-- Test Maven Suite -->
</testng-results>
